<?xml version="1.0" encoding="UTF-8"?>
<testsuites name="login" time="81.801" tests="5" failures="0" errors="0">
   <testsuite name="login" tests="5" failures="0" errors="0" time="81.801" skipped="0" timestamp="2023-06-20 11:22:20" hostname="71459622 - GTI-02-DPTI-072.bukopin.co.id" id="Test Suites/SauceDemo_SwagLabs/login">
      <properties>
         <property name="deviceName" value=""/>
         <property name="devicePlatform" value=""/>
         <property name="logFolder" value="C:\\Users\\71459622\\git\\KatalonProjects\\Reports\\20230620_112210\\SauceDemo_SwagLabs\\login\\20230620_112210"/>
         <property name="logFiles" value="C:\\Users\\71459622\\git\\KatalonProjects\\Reports\\20230620_112210\\SauceDemo_SwagLabs\\login\\20230620_112210\\execution0.log"/>
         <property name="attachments" value="C:\\Users\\71459622\\git\\KatalonProjects\\Reports\\20230620_112210\\SauceDemo_SwagLabs\\login\\20230620_112210\\1687234956294.png, C:\\Users\\71459622\\git\\KatalonProjects\\Reports\\20230620_112210\\SauceDemo_SwagLabs\\login\\20230620_112210\\1687234967744.png, C:\\Users\\71459622\\git\\KatalonProjects\\Reports\\20230620_112210\\SauceDemo_SwagLabs\\login\\20230620_112210\\1687234978008.png, C:\\Users\\71459622\\git\\KatalonProjects\\Reports\\20230620_112210\\SauceDemo_SwagLabs\\login\\20230620_112210\\1687234988644.png, C:\\Users\\71459622\\git\\KatalonProjects\\Reports\\20230620_112210\\SauceDemo_SwagLabs\\login\\20230620_112210\\1687234992243.png, C:\\Users\\71459622\\git\\KatalonProjects\\Reports\\20230620_112210\\SauceDemo_SwagLabs\\login\\20230620_112210\\1687234995222.png, C:\\Users\\71459622\\git\\KatalonProjects\\Reports\\20230620_112210\\SauceDemo_SwagLabs\\login\\20230620_112210\\1687234998323.png, C:\\Users\\71459622\\git\\KatalonProjects\\Reports\\20230620_112210\\SauceDemo_SwagLabs\\login\\20230620_112210\\1687235006664.png, C:\\Users\\71459622\\git\\KatalonProjects\\Reports\\20230620_112210\\SauceDemo_SwagLabs\\login\\20230620_112210\\1687235009628.png, C:\\Users\\71459622\\git\\KatalonProjects\\Reports\\20230620_112210\\SauceDemo_SwagLabs\\login\\20230620_112210\\1687235017037.png, C:\\Users\\71459622\\git\\KatalonProjects\\Reports\\20230620_112210\\SauceDemo_SwagLabs\\login\\20230620_112210\\1687235019790.png"/>
         <property name="hostName" value="71459622 - GTI-02-DPTI-072.bukopin.co.id"/>
         <property name="os" value="Windows 10 64bit"/>
         <property name="katalonVersion" value="8.6.5.208"/>
         <property name="browser" value="Chrome 114.0.0.0"/>
         <property name="hostAddress" value="192.168.43.8"/>
         <property name="sessionId" value="fd77a4bdcbe30e34fb5be19c90aff22a"/>
         <property name="seleniumVersion" value="3.141.59"/>
         <property name="proxyInformation" value="ProxyInformation { proxyOption=NO_PROXY, proxyServerType=HTTPS, username=, password=********, proxyServerAddress=10.2.62.222, proxyServerPort=3128, executionList=&quot;localhost, 10.0.0.0/16, 10.2.62.0/24, boc, 10.2.62.*&quot;, isApplyToDesiredCapabilities=true }"/>
         <property name="platform" value="Windows 10"/>
      </properties>
      <testcase name="Test Cases/SauceDemo_SwagLabs/Login/1.Login_AccessLoginPage" time="19.024" classname="Test Cases/SauceDemo_SwagLabs/Login/1.Login_AccessLoginPage" status="PASSED">
         <system-out><![CDATA[2023-06-20 11:22:21 - [TEST_CASE][PASSED] - Test Cases/SauceDemo_SwagLabs/Login/1.Login_AccessLoginPage: Test Cases/SauceDemo_SwagLabs/Login/1.Login_AccessLoginPage

2023-06-20 11:22:22 - [TEST_STEP][PASSED] - openBrowser(""): Browser is opened with url: ''

2023-06-20 11:22:23 - [MESSAGE][INFO] - Starting 'Chrome' driver

2023-06-20 11:22:24 - [MESSAGE][INFO] - Action delay is set to 0 milliseconds

2023-06-20 11:22:31 - [MESSAGE][PASSED] - Browser is opened with url: ''

2023-06-20 11:22:31 - [TEST_STEP][PASSED] - maximizeWindow(): Current window maximized

2023-06-20 11:22:32 - [MESSAGE][PASSED] - Current window maximized

2023-06-20 11:22:32 - [TEST_STEP][PASSED] - navigateToUrl("https://www.saucedemo.com/v1/index.html"): Navigate to 'https://www.saucedemo.com/v1/index.html' successfully

2023-06-20 11:22:33 - [MESSAGE][PASSED] - Navigate to 'https://www.saucedemo.com/v1/index.html' successfully

2023-06-20 11:22:33 - [TEST_STEP][PASSED] - verifyElementVisible(findTestObject("SauceLabs_Login/loginLogo")): Object 'Object Repository/SauceLabs_Login/loginLogo' is visible

2023-06-20 11:22:34 - [MESSAGE][PASSED] - Object 'Object Repository/SauceLabs_Login/loginLogo' is visible

2023-06-20 11:22:34 - [TEST_STEP][PASSED] - verifyElementVisible(findTestObject("SauceLabs_Login/Username")): Object 'Object Repository/SauceLabs_Login/Username' is visible

2023-06-20 11:22:35 - [MESSAGE][PASSED] - Object 'Object Repository/SauceLabs_Login/Username' is visible

2023-06-20 11:22:35 - [TEST_STEP][PASSED] - verifyElementVisible(findTestObject("SauceLabs_Login/Password")): Object 'Object Repository/SauceLabs_Login/Password' is visible

2023-06-20 11:22:35 - [MESSAGE][PASSED] - Object 'Object Repository/SauceLabs_Login/Password' is visible

2023-06-20 11:22:35 - [TEST_STEP][PASSED] - verifyElementVisible(findTestObject("SauceLabs_Login/buttonLogin")): Object 'Object Repository/SauceLabs_Login/buttonLogin' is visible

2023-06-20 11:22:36 - [MESSAGE][PASSED] - Object 'Object Repository/SauceLabs_Login/buttonLogin' is visible

2023-06-20 11:22:36 - [TEST_STEP][PASSED] - takeFullPageScreenshot(): Taking screenshot successfully

2023-06-20 11:22:38 - [MESSAGE][INFO] - 0 hidden object(s)

2023-06-20 11:22:39 - [MESSAGE][PASSED] - Taking screenshot successfully
[[ATTACHMENT|C:\\Users\\71459622\\git\\KatalonProjects\\Reports\\20230620_112210\\SauceDemo_SwagLabs\\login\\20230620_112210\\1687234956294.png]]

2023-06-20 11:22:39 - [TEST_STEP][PASSED] - closeBrowser(): Browser is closed

2023-06-20 11:22:40 - [MESSAGE][PASSED] - Browser is closed]]></system-out>
         <system-err><![CDATA[]]></system-err>
      </testcase>
      <testcase name="Test Cases/SauceDemo_SwagLabs/Login/2.Login_Success" time="21.969" classname="Test Cases/SauceDemo_SwagLabs/Login/2.Login_Success" status="PASSED">
         <system-out><![CDATA[2023-06-20 11:22:40 - [TEST_CASE][PASSED] - Test Cases/SauceDemo_SwagLabs/Login/2.Login_Success: Test Cases/SauceDemo_SwagLabs/Login/2.Login_Success

2023-06-20 11:22:41 - [TEST_STEP][PASSED] - openBrowser(""): Browser is opened with url: ''

2023-06-20 11:22:41 - [MESSAGE][INFO] - Starting 'Chrome' driver

2023-06-20 11:22:41 - [MESSAGE][INFO] - Action delay is set to 0 milliseconds

2023-06-20 11:22:43 - [MESSAGE][PASSED] - Browser is opened with url: ''

2023-06-20 11:22:43 - [TEST_STEP][PASSED] - maximizeWindow(): Current window maximized

2023-06-20 11:22:43 - [MESSAGE][PASSED] - Current window maximized

2023-06-20 11:22:43 - [TEST_STEP][PASSED] - navigateToUrl("https://www.saucedemo.com/v1/index.html"): Navigate to 'https://www.saucedemo.com/v1/index.html' successfully

2023-06-20 11:22:45 - [MESSAGE][PASSED] - Navigate to 'https://www.saucedemo.com/v1/index.html' successfully

2023-06-20 11:22:45 - [TEST_STEP][PASSED] - setEncryptedText(findTestObject("SauceLabs_Login/Username"), "xDH/NDxr8Nk91RcxWnF9Qg=="): Text ****** has been set on object 'Object Repository/SauceLabs_Login/Username'

2023-06-20 11:22:46 - [MESSAGE][PASSED] - Text ****** has been set on object 'Object Repository/SauceLabs_Login/Username'

2023-06-20 11:22:46 - [TEST_STEP][PASSED] - setEncryptedText(findTestObject("SauceLabs_Login/Password"), "qcu24s4901FyWDTwXGr6XA=="): Text ****** has been set on object 'Object Repository/SauceLabs_Login/Password'

2023-06-20 11:22:47 - [MESSAGE][PASSED] - Text ****** has been set on object 'Object Repository/SauceLabs_Login/Password'

2023-06-20 11:22:47 - [TEST_STEP][PASSED] - takeFullPageScreenshot(): Taking screenshot successfully

2023-06-20 11:22:48 - [MESSAGE][INFO] - 0 hidden object(s)

2023-06-20 11:22:49 - [MESSAGE][PASSED] - Taking screenshot successfully
[[ATTACHMENT|C:\\Users\\71459622\\git\\KatalonProjects\\Reports\\20230620_112210\\SauceDemo_SwagLabs\\login\\20230620_112210\\1687234967744.png]]

2023-06-20 11:22:49 - [TEST_STEP][PASSED] - click(findTestObject("SauceLabs_Login/buttonLogin")): Object: 'Object Repository/SauceLabs_Login/buttonLogin' is clicked on

2023-06-20 11:22:55 - [MESSAGE][PASSED] - Object: 'Object Repository/SauceLabs_Login/buttonLogin' is clicked on

2023-06-20 11:22:55 - [TEST_STEP][PASSED] - verifyElementVisible(findTestObject("SauceLabs_Home/logo_Saucelab")): Object 'Object Repository/SauceLabs_Home/logo_Saucelab' is visible

2023-06-20 11:22:56 - [MESSAGE][PASSED] - Object 'Object Repository/SauceLabs_Home/logo_Saucelab' is visible

2023-06-20 11:22:56 - [TEST_STEP][PASSED] - verifyElementVisible(findTestObject("SauceLabs_Home/Icon_TitleProduct")): Object 'Object Repository/SauceLabs_Home/Icon_TitleProduct' is visible

2023-06-20 11:22:56 - [MESSAGE][PASSED] - Object 'Object Repository/SauceLabs_Home/Icon_TitleProduct' is visible

2023-06-20 11:22:56 - [TEST_STEP][PASSED] - verifyElementVisible(findTestObject("SauceLabs_Home/Icon_TitleProduct")): Object 'Object Repository/SauceLabs_Home/Icon_TitleProduct' is visible

2023-06-20 11:22:57 - [MESSAGE][PASSED] - Object 'Object Repository/SauceLabs_Home/Icon_TitleProduct' is visible

2023-06-20 11:22:57 - [TEST_STEP][PASSED] - verifyElementVisible(findTestObject("SauceLabs_Home/inventory_container")): Object 'Object Repository/SauceLabs_Home/inventory_container' is visible

2023-06-20 11:22:57 - [MESSAGE][PASSED] - Object 'Object Repository/SauceLabs_Home/inventory_container' is visible

2023-06-20 11:22:57 - [TEST_STEP][PASSED] - takeFullPageScreenshot(): Taking screenshot successfully

2023-06-20 11:23:00 - [MESSAGE][INFO] - 0 hidden object(s)

2023-06-20 11:23:01 - [MESSAGE][PASSED] - Taking screenshot successfully
[[ATTACHMENT|C:\\Users\\71459622\\git\\KatalonProjects\\Reports\\20230620_112210\\SauceDemo_SwagLabs\\login\\20230620_112210\\1687234978008.png]]

2023-06-20 11:23:01 - [TEST_STEP][PASSED] - closeBrowser(): Browser is closed

2023-06-20 11:23:02 - [MESSAGE][PASSED] - Browser is closed]]></system-out>
         <system-err><![CDATA[]]></system-err>
      </testcase>
      <testcase name="Test Cases/SauceDemo_SwagLabs/Login/3.Login_UserPassNotMatch" time="18.41" classname="Test Cases/SauceDemo_SwagLabs/Login/3.Login_UserPassNotMatch" status="PASSED">
         <system-out><![CDATA[2023-06-20 11:23:02 - [TEST_CASE][PASSED] - Test Cases/SauceDemo_SwagLabs/Login/3.Login_UserPassNotMatch: Test Cases/SauceDemo_SwagLabs/Login/3.Login_UserPassNotMatch

2023-06-20 11:23:03 - [TEST_STEP][PASSED] - openBrowser(""): Browser is opened with url: ''

2023-06-20 11:23:03 - [MESSAGE][INFO] - Starting 'Chrome' driver

2023-06-20 11:23:03 - [MESSAGE][INFO] - Action delay is set to 0 milliseconds

2023-06-20 11:23:05 - [MESSAGE][PASSED] - Browser is opened with url: ''

2023-06-20 11:23:05 - [TEST_STEP][PASSED] - maximizeWindow(): Current window maximized

2023-06-20 11:23:06 - [MESSAGE][PASSED] - Current window maximized

2023-06-20 11:23:06 - [TEST_STEP][PASSED] - navigateToUrl("https://www.saucedemo.com/v1/index.html"): Navigate to 'https://www.saucedemo.com/v1/index.html' successfully

2023-06-20 11:23:06 - [MESSAGE][PASSED] - Navigate to 'https://www.saucedemo.com/v1/index.html' successfully

2023-06-20 11:23:06 - [TEST_STEP][PASSED] - setEncryptedText(findTestObject("SauceLabs_Login/Username"), "xDH/NDxr8Nk91RcxWnF9Qg=="): Text ****** has been set on object 'Object Repository/SauceLabs_Login/Username'

2023-06-20 11:23:07 - [MESSAGE][PASSED] - Text ****** has been set on object 'Object Repository/SauceLabs_Login/Username'

2023-06-20 11:23:07 - [TEST_STEP][PASSED] - setEncryptedText(findTestObject("SauceLabs_Login/Password"), "RyzK/uu8Q1+7/zuOsKmZ+g=="): Text ****** has been set on object 'Object Repository/SauceLabs_Login/Password'

2023-06-20 11:23:08 - [MESSAGE][PASSED] - Text ****** has been set on object 'Object Repository/SauceLabs_Login/Password'

2023-06-20 11:23:08 - [TEST_STEP][PASSED] - takeFullPageScreenshot(): Taking screenshot successfully

2023-06-20 11:23:09 - [MESSAGE][INFO] - 0 hidden object(s)

2023-06-20 11:23:10 - [MESSAGE][PASSED] - Taking screenshot successfully
[[ATTACHMENT|C:\\Users\\71459622\\git\\KatalonProjects\\Reports\\20230620_112210\\SauceDemo_SwagLabs\\login\\20230620_112210\\1687234988644.png]]

2023-06-20 11:23:10 - [TEST_STEP][PASSED] - click(findTestObject("SauceLabs_Login/buttonLogin")): Object: 'Object Repository/SauceLabs_Login/buttonLogin' is clicked on

2023-06-20 11:23:11 - [MESSAGE][PASSED] - Object: 'Object Repository/SauceLabs_Login/buttonLogin' is clicked on

2023-06-20 11:23:11 - [TEST_STEP][PASSED] - verifyElementVisible(findTestObject("SauceLabs_Login/Message_ErrorLogin")): Object 'Object Repository/SauceLabs_Login/Message_ErrorLogin' is visible

2023-06-20 11:23:11 - [MESSAGE][PASSED] - Object 'Object Repository/SauceLabs_Login/Message_ErrorLogin' is visible

2023-06-20 11:23:11 - [TEST_STEP][PASSED] - verifyElementText(findTestObject("SauceLabs_Login/Message_ErrorLogin"), "Epic sadface: Username and password do not match any user in this service"): Actual text and expected text of test object 'Object Repository/SauceLabs_Login/Message_ErrorLogin' are matched.

2023-06-20 11:23:12 - [MESSAGE][PASSED] - Actual text and expected text of test object 'Object Repository/SauceLabs_Login/Message_ErrorLogin' are matched.

2023-06-20 11:23:12 - [TEST_STEP][PASSED] - takeFullPageScreenshot(): Taking screenshot successfully

2023-06-20 11:23:13 - [MESSAGE][INFO] - 0 hidden object(s)

2023-06-20 11:23:13 - [MESSAGE][PASSED] - Taking screenshot successfully
[[ATTACHMENT|C:\\Users\\71459622\\git\\KatalonProjects\\Reports\\20230620_112210\\SauceDemo_SwagLabs\\login\\20230620_112210\\1687234992243.png]]

2023-06-20 11:23:13 - [TEST_STEP][PASSED] - setEncryptedText(findTestObject("SauceLabs_Login/Username"), "xDH/NDxr8NmrYWQzOXNldQ=="): Text ****** has been set on object 'Object Repository/SauceLabs_Login/Username'

2023-06-20 11:23:14 - [MESSAGE][PASSED] - Text ****** has been set on object 'Object Repository/SauceLabs_Login/Username'

2023-06-20 11:23:14 - [TEST_STEP][PASSED] - setEncryptedText(findTestObject("SauceLabs_Login/Password"), "qcu24s4901FyWDTwXGr6XA=="): Text ****** has been set on object 'Object Repository/SauceLabs_Login/Password'

2023-06-20 11:23:15 - [MESSAGE][PASSED] - Text ****** has been set on object 'Object Repository/SauceLabs_Login/Password'

2023-06-20 11:23:15 - [TEST_STEP][PASSED] - takeFullPageScreenshot(): Taking screenshot successfully

2023-06-20 11:23:16 - [MESSAGE][INFO] - 0 hidden object(s)

2023-06-20 11:23:16 - [MESSAGE][PASSED] - Taking screenshot successfully
[[ATTACHMENT|C:\\Users\\71459622\\git\\KatalonProjects\\Reports\\20230620_112210\\SauceDemo_SwagLabs\\login\\20230620_112210\\1687234995222.png]]

2023-06-20 11:23:16 - [TEST_STEP][PASSED] - click(findTestObject("SauceLabs_Login/buttonLogin")): Object: 'Object Repository/SauceLabs_Login/buttonLogin' is clicked on

2023-06-20 11:23:17 - [MESSAGE][PASSED] - Object: 'Object Repository/SauceLabs_Login/buttonLogin' is clicked on

2023-06-20 11:23:17 - [TEST_STEP][PASSED] - verifyElementVisible(findTestObject("SauceLabs_Login/Message_ErrorLogin")): Object 'Object Repository/SauceLabs_Login/Message_ErrorLogin' is visible

2023-06-20 11:23:17 - [MESSAGE][PASSED] - Object 'Object Repository/SauceLabs_Login/Message_ErrorLogin' is visible

2023-06-20 11:23:17 - [TEST_STEP][PASSED] - verifyElementText(findTestObject("SauceLabs_Login/Message_ErrorLogin"), "Epic sadface: Username and password do not match any user in this service"): Actual text and expected text of test object 'Object Repository/SauceLabs_Login/Message_ErrorLogin' are matched.

2023-06-20 11:23:18 - [MESSAGE][PASSED] - Actual text and expected text of test object 'Object Repository/SauceLabs_Login/Message_ErrorLogin' are matched.

2023-06-20 11:23:18 - [TEST_STEP][PASSED] - takeFullPageScreenshot(): Taking screenshot successfully

2023-06-20 11:23:19 - [MESSAGE][INFO] - 0 hidden object(s)

2023-06-20 11:23:19 - [MESSAGE][PASSED] - Taking screenshot successfully
[[ATTACHMENT|C:\\Users\\71459622\\git\\KatalonProjects\\Reports\\20230620_112210\\SauceDemo_SwagLabs\\login\\20230620_112210\\1687234998323.png]]

2023-06-20 11:23:19 - [TEST_STEP][PASSED] - closeBrowser(): Browser is closed

2023-06-20 11:23:20 - [MESSAGE][PASSED] - Browser is closed]]></system-out>
         <system-err><![CDATA[]]></system-err>
      </testcase>
      <testcase name="Test Cases/SauceDemo_SwagLabs/Login/4.Login_PasswordEmpty" time="11.01" classname="Test Cases/SauceDemo_SwagLabs/Login/4.Login_PasswordEmpty" status="PASSED">
         <system-out><![CDATA[2023-06-20 11:23:20 - [TEST_CASE][PASSED] - Test Cases/SauceDemo_SwagLabs/Login/4.Login_PasswordEmpty: Test Cases/SauceDemo_SwagLabs/Login/4.Login_PasswordEmpty

2023-06-20 11:23:21 - [TEST_STEP][PASSED] - openBrowser(""): Browser is opened with url: ''

2023-06-20 11:23:21 - [MESSAGE][INFO] - Starting 'Chrome' driver

2023-06-20 11:23:21 - [MESSAGE][INFO] - Action delay is set to 0 milliseconds

2023-06-20 11:23:24 - [MESSAGE][PASSED] - Browser is opened with url: ''

2023-06-20 11:23:24 - [TEST_STEP][PASSED] - maximizeWindow(): Current window maximized

2023-06-20 11:23:24 - [MESSAGE][PASSED] - Current window maximized

2023-06-20 11:23:24 - [TEST_STEP][PASSED] - navigateToUrl("https://www.saucedemo.com/v1/index.html"): Navigate to 'https://www.saucedemo.com/v1/index.html' successfully

2023-06-20 11:23:25 - [MESSAGE][PASSED] - Navigate to 'https://www.saucedemo.com/v1/index.html' successfully

2023-06-20 11:23:25 - [TEST_STEP][PASSED] - setEncryptedText(findTestObject("SauceLabs_Login/Username"), "xDH/NDxr8Nk91RcxWnF9Qg=="): Text ****** has been set on object 'Object Repository/SauceLabs_Login/Username'

2023-06-20 11:23:26 - [MESSAGE][PASSED] - Text ****** has been set on object 'Object Repository/SauceLabs_Login/Username'

2023-06-20 11:23:26 - [TEST_STEP][PASSED] - takeFullPageScreenshot(): Taking screenshot successfully

2023-06-20 11:23:27 - [MESSAGE][INFO] - 0 hidden object(s)

2023-06-20 11:23:28 - [MESSAGE][PASSED] - Taking screenshot successfully
[[ATTACHMENT|C:\\Users\\71459622\\git\\KatalonProjects\\Reports\\20230620_112210\\SauceDemo_SwagLabs\\login\\20230620_112210\\1687235006664.png]]

2023-06-20 11:23:28 - [TEST_STEP][PASSED] - click(findTestObject("SauceLabs_Login/buttonLogin")): Object: 'Object Repository/SauceLabs_Login/buttonLogin' is clicked on

2023-06-20 11:23:29 - [MESSAGE][PASSED] - Object: 'Object Repository/SauceLabs_Login/buttonLogin' is clicked on

2023-06-20 11:23:29 - [TEST_STEP][PASSED] - verifyElementText(findTestObject("SauceLabs_Login/Message_ErrorLogin"), "Epic sadface: Password is required"): Actual text and expected text of test object 'Object Repository/SauceLabs_Login/Message_ErrorLogin' are matched.

2023-06-20 11:23:29 - [MESSAGE][PASSED] - Actual text and expected text of test object 'Object Repository/SauceLabs_Login/Message_ErrorLogin' are matched.

2023-06-20 11:23:29 - [TEST_STEP][PASSED] - takeFullPageScreenshot(): Taking screenshot successfully

2023-06-20 11:23:30 - [MESSAGE][INFO] - 0 hidden object(s)

2023-06-20 11:23:30 - [MESSAGE][PASSED] - Taking screenshot successfully
[[ATTACHMENT|C:\\Users\\71459622\\git\\KatalonProjects\\Reports\\20230620_112210\\SauceDemo_SwagLabs\\login\\20230620_112210\\1687235009628.png]]

2023-06-20 11:23:30 - [TEST_STEP][PASSED] - closeBrowser(): Browser is closed

2023-06-20 11:23:31 - [MESSAGE][PASSED] - Browser is closed]]></system-out>
         <system-err><![CDATA[]]></system-err>
      </testcase>
      <testcase name="Test Cases/SauceDemo_SwagLabs/Login/5.Login_UsernameEmpty" time="10.344" classname="Test Cases/SauceDemo_SwagLabs/Login/5.Login_UsernameEmpty" status="PASSED">
         <system-out><![CDATA[2023-06-20 11:23:31 - [TEST_CASE][PASSED] - Test Cases/SauceDemo_SwagLabs/Login/5.Login_UsernameEmpty: Test Cases/SauceDemo_SwagLabs/Login/5.Login_UsernameEmpty

2023-06-20 11:23:32 - [TEST_STEP][PASSED] - openBrowser(""): Browser is opened with url: ''

2023-06-20 11:23:32 - [MESSAGE][INFO] - Starting 'Chrome' driver

2023-06-20 11:23:32 - [MESSAGE][INFO] - Action delay is set to 0 milliseconds

2023-06-20 11:23:35 - [MESSAGE][PASSED] - Browser is opened with url: ''

2023-06-20 11:23:35 - [TEST_STEP][PASSED] - maximizeWindow(): Current window maximized

2023-06-20 11:23:35 - [MESSAGE][PASSED] - Current window maximized

2023-06-20 11:23:35 - [TEST_STEP][PASSED] - navigateToUrl("https://www.saucedemo.com/v1/index.html"): Navigate to 'https://www.saucedemo.com/v1/index.html' successfully

2023-06-20 11:23:36 - [MESSAGE][PASSED] - Navigate to 'https://www.saucedemo.com/v1/index.html' successfully

2023-06-20 11:23:36 - [TEST_STEP][PASSED] - setEncryptedText(findTestObject("SauceLabs_Login/Password"), "xDH/NDxr8Nk91RcxWnF9Qg=="): Text ****** has been set on object 'Object Repository/SauceLabs_Login/Password'

2023-06-20 11:23:37 - [MESSAGE][PASSED] - Text ****** has been set on object 'Object Repository/SauceLabs_Login/Password'

2023-06-20 11:23:37 - [TEST_STEP][PASSED] - takeFullPageScreenshot(): Taking screenshot successfully

2023-06-20 11:23:38 - [MESSAGE][INFO] - 0 hidden object(s)

2023-06-20 11:23:38 - [MESSAGE][PASSED] - Taking screenshot successfully
[[ATTACHMENT|C:\\Users\\71459622\\git\\KatalonProjects\\Reports\\20230620_112210\\SauceDemo_SwagLabs\\login\\20230620_112210\\1687235017037.png]]

2023-06-20 11:23:38 - [TEST_STEP][PASSED] - click(findTestObject("SauceLabs_Login/buttonLogin")): Object: 'Object Repository/SauceLabs_Login/buttonLogin' is clicked on

2023-06-20 11:23:39 - [MESSAGE][PASSED] - Object: 'Object Repository/SauceLabs_Login/buttonLogin' is clicked on

2023-06-20 11:23:39 - [TEST_STEP][PASSED] - verifyElementText(findTestObject("SauceLabs_Login/Message_ErrorLogin"), "Epic sadface: Username is required"): Actual text and expected text of test object 'Object Repository/SauceLabs_Login/Message_ErrorLogin' are matched.

2023-06-20 11:23:39 - [MESSAGE][PASSED] - Actual text and expected text of test object 'Object Repository/SauceLabs_Login/Message_ErrorLogin' are matched.

2023-06-20 11:23:39 - [TEST_STEP][PASSED] - takeFullPageScreenshot(): Taking screenshot successfully

2023-06-20 11:23:40 - [MESSAGE][INFO] - 0 hidden object(s)

2023-06-20 11:23:41 - [MESSAGE][PASSED] - Taking screenshot successfully
[[ATTACHMENT|C:\\Users\\71459622\\git\\KatalonProjects\\Reports\\20230620_112210\\SauceDemo_SwagLabs\\login\\20230620_112210\\1687235019790.png]]

2023-06-20 11:23:41 - [TEST_STEP][PASSED] - closeBrowser(): Browser is closed

2023-06-20 11:23:42 - [MESSAGE][PASSED] - Browser is closed]]></system-out>
         <system-err><![CDATA[]]></system-err>
      </testcase>
      <system-out><![CDATA[2023-06-20 11:22:20 - [TEST_SUITE][PASSED] - login: Test Cases/SauceDemo_SwagLabs/Login/5.Login_UsernameEmpty]]></system-out>
      <system-err><![CDATA[]]></system-err>
   </testsuite>
</testsuites>
